<?xml version="1.0" encoding="UTF-8"?>
<!-- Generated by org.testng.reporters.JUnitReportReporter -->
<testsuite hostname="LAPTOP-BINRATQ1" failures="0" tests="1" name="com.testcase.KeyBoardHandling" time="7.559" errors="0" timestamp="2020-06-08T10:23:35 PDT" skipped="0">
  <testcase classname="com.testcase.KeyBoardHandling" name="login" time="7.559"/>
  <system-out/>
</testsuite> <!-- com.testcase.KeyBoardHandling -->
