<?xml version="1.0" encoding="UTF-8"?>
<!-- Generated by org.testng.reporters.JUnitReportReporter -->
<testsuite hostname="LAPTOP-BINRATQ1" failures="0" tests="1" name="AlertHandling" time="11.474" errors="0" timestamp="2020-06-08T11:52:13 PDT" skipped="0">
  <testcase classname="AlertHandling" name="login" time="11.474"/>
  <system-out/>
</testsuite> <!-- AlertHandling -->
