<?xml version="1.0" encoding="UTF-8"?>
<!-- Generated by org.testng.reporters.JUnitReportReporter -->
<testsuite hostname="LAPTOP-BINRATQ1" failures="0" tests="1" name="com.testcase.Mousehandling" time="10.451" errors="0" timestamp="2020-06-08T10:14:54 PDT" skipped="0">
  <testcase classname="com.testcase.Mousehandling" name="login" time="10.451"/>
  <system-out/>
</testsuite> <!-- com.testcase.Mousehandling -->
