<?xml version="1.0" encoding="UTF-8"?>
<!-- Generated by org.testng.reporters.JUnitReportReporter -->
<testsuite hostname="LAPTOP-BINRATQ1" failures="0" tests="1" name="com.testcase.Mousehandling" time="10.339" errors="0" timestamp="2020-06-08T20:34:05 PDT" skipped="0">
  <testcase classname="com.testcase.Mousehandling" name="login" time="10.339"/>
  <system-out/>
</testsuite> <!-- com.testcase.Mousehandling -->
