<?xml version="1.0" encoding="UTF-8"?>
<!-- Generated by org.testng.reporters.JUnitReportReporter -->
<testsuite hostname="LAPTOP-BINRATQ1" failures="0" tests="1" name="com.testcase.DatePicker" time="9.851" errors="0" timestamp="2020-06-08T10:55:04 PDT" skipped="0">
  <testcase classname="com.testcase.DatePicker" name="login" time="9.851"/>
  <system-out/>
</testsuite> <!-- com.testcase.DatePicker -->
