<?xml version="1.0" encoding="UTF-8"?>
<!-- Generated by org.testng.reporters.JUnitReportReporter -->
<testsuite hostname="LAPTOP-BINRATQ1" failures="0" tests="1" name="com.testcase.KeyBoardMovements" time="23.708" errors="0" timestamp="2020-06-08T21:01:19 PDT" skipped="0">
  <testcase classname="com.testcase.KeyBoardMovements" name="login" time="23.708"/>
  <system-out/>
</testsuite> <!-- com.testcase.KeyBoardMovements -->
